16:39:24.633 [JavaFX Application Thread] DEBUG GameApplication      - Logger initialized
16:39:24.649 [JavaFX Application Thread] DEBUG GameApplication      - Logging settings
Title: Hello World~
Version: 0.0
Width: 800
Height: 600
Fullscreen: false
Intro: false
Menus: false
Profiling: false
Single step:false
App Mode: DEVELOPER
Menu Key: ESCAPE
Stage Style: DECORATED
Scene Factory: class com.almasb.fxgl.scene.SceneFactory
Dialog Factory: class com.almasb.fxgl.ui.FXGLDialogFactory
UI Factory: class com.almasb.fxgl.ui.FXGLUIFactory
Notification Service: class com.almasb.fxgl.gameplay.notification.XboxNotificationView
Exception Handler: class com.almasb.fxgl.app.FXGLExceptionHandler
16:39:24.650 [JavaFX Application Thread] DEBUG GameApplication      - Starting FXGL
16:39:24.658 [JavaFX Application Thread] INFO  FXGL                 - FXGL-0.5.4 on DESKTOP
16:39:24.658 [JavaFX Application Thread] INFO  FXGL                 - Source code and latest versions at: https://github.com/AlmasB/FXGL
16:39:24.659 [JavaFX Application Thread] INFO  FXGL                 -              Join the FXGL chat at: https://gitter.im/AlmasB/FXGL
16:39:24.659 [JavaFX Application Thread] DEBUG FXGL                 - FXGL started
16:39:24.659 [JavaFX Application Thread] DEBUG FXGL                 - Initializing FXGL
16:39:24.713 [JavaFX Application Thread] DEBUG AssetLoader          - Loading from disk: /assets/ui/cursors/fxgl_default.png
16:39:24.788 [JavaFX Application Thread] DEBUG AssetLoader          - Loading from disk: /assets/ui/fonts/VarelaRound-Regular.ttf
16:39:25.015 [JavaFX Application Thread] DEBUG MainWindow           - Creating a JavaFX scene
16:39:25.061 [JavaFX Application Thread] DEBUG MainWindow           - Target settings size: 800.0 x 600.0
16:39:25.061 [JavaFX Application Thread] DEBUG MainWindow           - Scaled scene size:    800.0 x 600.0
16:39:25.061 [JavaFX Application Thread] DEBUG MainWindow           - Scaled ratio: (1.0, 1.0)
16:39:25.065 [JavaFX Application Thread] DEBUG AssetLoader          - Loading from disk: /assets/ui/css/fxgl_dark.css
16:39:25.070 [JavaFX Application Thread] DEBUG AssetLoader          - Loading from disk: /assets/textures/fxgl_icon.png
16:39:25.099 [JavaFX Application Thread] DEBUG MainWindow           - Opening main window
16:39:25.415 [JavaFX Application Thread] DEBUG MainWindow           - Window border size: (6.0, 35.0)
16:39:25.416 [JavaFX Application Thread] DEBUG MainWindow           - Scaled size: 800.0 x 600.0
16:39:25.416 [JavaFX Application Thread] DEBUG MainWindow           - Scaled ratio: (1.0, 1.0)
16:39:25.416 [JavaFX Application Thread] DEBUG MainWindow           - Scene size: 800.0 x 600.0
16:39:25.416 [JavaFX Application Thread] DEBUG MainWindow           - Stage size: 806.0 x 635.0
16:39:25.461 [ForkJoinPool.commonPool-worker-1] DEBUG FS                   - Loaded DesktopFSService
16:39:25.462 [ForkJoinPool.commonPool-worker-1] DEBUG FXGL                 - Loading FXGL system data
16:39:25.470 [ForkJoinPool.commonPool-worker-1] DEBUG DesktopFSService     - Reading from: system\fxgl.bundle
16:39:25.477 [ForkJoinPool.commonPool-worker-1] DEBUG Bundle               - Logging bundle: FXGL
16:39:25.478 [ForkJoinPool.commonPool-worker-1] DEBUG Bundle               - FXGL.offline.timer.version.check=2020-03-25T11:32:59.811
16:39:25.480 [ForkJoinPool.commonPool-worker-1] DEBUG FXGL                 - Initializing state machine and application states
16:39:25.484 [ForkJoinPool.commonPool-worker-1] DEBUG AssetLoader          - Loading from disk: /assets/ui/cursors/fxgl_default.png
16:39:25.490 [ForkJoinPool.commonPool-worker-1] DEBUG AssetLoader          - Loading from disk: /assets/ui/cursors/fxgl_default.png
16:39:25.499 [ForkJoinPool.commonPool-worker-1] DEBUG AssetLoader          - Loading from cache: /assets/ui/fonts/VarelaRound-Regular.ttf
16:39:25.502 [ForkJoinPool.commonPool-worker-1] DEBUG AssetLoader          - Loading from disk: /assets/ui/cursors/fxgl_default.png
16:39:25.506 [ForkJoinPool.commonPool-worker-1] DEBUG GameScene            - Game scene initialized: 800x600
16:39:25.511 [ForkJoinPool.commonPool-worker-1] DEBUG GameWorld            - Game world initialized
16:39:25.591 [ForkJoinPool.commonPool-worker-1] DEBUG PhysicsWorld         - Physics world initialized: appHeight=600, physics.ppm=50.0
16:39:25.613 [ForkJoinPool.commonPool-worker-1] DEBUG Input                - Registered new binding: Pause - Esc
16:39:25.719 [JavaFX Application Thread] DEBUG FXGL                 - Running preInit()
16:39:25.721 [JavaFX Application Thread] DEBUG Input                - Registered new binding: Screenshot - P
16:39:25.722 [JavaFX Application Thread] DEBUG Input                - Registered new binding: Dev Options - CTRL+0
16:39:25.722 [JavaFX Application Thread] DEBUG Input                - Registered new binding: System info dump - CTRL+9
16:39:25.723 [JavaFX Application Thread] DEBUG Input                - Registered new binding: Restart - CTRL+R
16:39:25.723 [JavaFX Application Thread] DEBUG Input                - Registered new binding: up - Up
16:39:25.724 [JavaFX Application Thread] DEBUG Input                - Registered new binding: down - Down
16:39:25.724 [JavaFX Application Thread] DEBUG Input                - Registered new binding: left - Left
16:39:25.724 [JavaFX Application Thread] DEBUG Input                - Registered new binding: right - Right
16:39:25.725 [JavaFX Application Thread] INFO  FXGL                 - FXGL initialization took: 1.066 sec
16:39:25.725 [JavaFX Application Thread] DEBUG LoopRunner           - Starting loop
16:39:25.730 [JavaFX Application Thread] DEBUG StartupState         - STARTUP
16:39:25.730 [JavaFX Application Thread] DEBUG GameApplication      - Starting new game
16:39:25.731 [JavaFX Application Thread] DEBUG Input                - Clearing active input actions
16:39:25.732 [JavaFX Application Thread] DEBUG AssetLoader          - Loading from disk: /assets/ui/css/fxgl_dark.css
16:39:25.741 [JavaFX Application Thread] DEBUG AppStateMachine      - StartupState -> LoadingState
16:39:25.750 [FXGL Background Thread 1 ] DEBUG InitAppTask          - Clearing previous game
16:39:25.750 [FXGL Background Thread 1 ] DEBUG GameWorld            - Clearing game world
16:39:25.750 [FXGL Background Thread 1 ] DEBUG PhysicsWorld         - Clearing physics world
16:39:25.750 [FXGL Background Thread 1 ] DEBUG GameScene            - Clearing game scene
16:39:25.753 [FXGL Background Thread 1 ] DEBUG InitAppTask          - Initializing Game
16:39:26.305 [FXGL Background Thread 1 ] DEBUG GameScene            - Creating render group for layer: DEFAULT(100000)
16:39:26.315 [FXGL Background Thread 1 ] DEBUG InitAppTask          - Initializing Physics
16:39:26.316 [FXGL Background Thread 1 ] DEBUG InitAppTask          - Initializing UI
16:39:26.316 [FXGL Background Thread 1 ] DEBUG InitAppTask          - Initialization Complete
16:39:26.316 [FXGL Background Thread 1 ] INFO  InitAppTask          - Game initialization took: 0.566 sec
16:39:26.320 [JavaFX Application Thread] DEBUG Input                - Clearing active input actions
16:39:26.320 [JavaFX Application Thread] DEBUG AssetLoader          - Loading from disk: /assets/ui/css/fxgl_dark.css
16:39:26.334 [JavaFX Application Thread] DEBUG AppStateMachine      - LoadingState -> PlayState
16:39:46.988 [JavaFX Application Thread] DEBUG FXGL                 - Exiting FXGL
16:39:46.988 [JavaFX Application Thread] DEBUG FXGL                 - Shutting down background threads
16:39:46.989 [JavaFX Application Thread] DEBUG FXGL                 - Saving FXGL system data
16:39:46.991 [JavaFX Application Thread] DEBUG DesktopFSService     - Writing to: system\fxgl.bundle
16:39:46.994 [JavaFX Application Thread] DEBUG FXGL                 - Closing logger and exiting JavaFX
