16:41:20.966 [JavaFX Application Thread] DEBUG GameApplication      - Logger initialized
16:41:20.982 [JavaFX Application Thread] DEBUG GameApplication      - Logging settings
Title: Hello World~
Version: 0.0
Width: 800
Height: 600
Fullscreen: false
Intro: false
Menus: false
Profiling: false
Single step:false
App Mode: DEVELOPER
Menu Key: ESCAPE
Stage Style: DECORATED
Scene Factory: class com.almasb.fxgl.scene.SceneFactory
Dialog Factory: class com.almasb.fxgl.ui.FXGLDialogFactory
UI Factory: class com.almasb.fxgl.ui.FXGLUIFactory
Notification Service: class com.almasb.fxgl.gameplay.notification.XboxNotificationView
Exception Handler: class com.almasb.fxgl.app.FXGLExceptionHandler
16:41:20.982 [JavaFX Application Thread] DEBUG GameApplication      - Starting FXGL
16:41:20.990 [JavaFX Application Thread] INFO  FXGL                 - FXGL-0.5.4 on DESKTOP
16:41:20.990 [JavaFX Application Thread] INFO  FXGL                 - Source code and latest versions at: https://github.com/AlmasB/FXGL
16:41:20.990 [JavaFX Application Thread] INFO  FXGL                 -              Join the FXGL chat at: https://gitter.im/AlmasB/FXGL
16:41:20.991 [JavaFX Application Thread] DEBUG FXGL                 - FXGL started
16:41:20.991 [JavaFX Application Thread] DEBUG FXGL                 - Initializing FXGL
16:41:21.046 [JavaFX Application Thread] DEBUG AssetLoader          - Loading from disk: /assets/ui/cursors/fxgl_default.png
16:41:21.122 [JavaFX Application Thread] DEBUG AssetLoader          - Loading from disk: /assets/ui/fonts/VarelaRound-Regular.ttf
16:41:21.316 [JavaFX Application Thread] DEBUG MainWindow           - Creating a JavaFX scene
16:41:21.349 [JavaFX Application Thread] DEBUG MainWindow           - Target settings size: 800.0 x 600.0
16:41:21.349 [JavaFX Application Thread] DEBUG MainWindow           - Scaled scene size:    800.0 x 600.0
16:41:21.349 [JavaFX Application Thread] DEBUG MainWindow           - Scaled ratio: (1.0, 1.0)
16:41:21.351 [JavaFX Application Thread] DEBUG AssetLoader          - Loading from disk: /assets/ui/css/fxgl_dark.css
16:41:21.355 [JavaFX Application Thread] DEBUG AssetLoader          - Loading from disk: /assets/textures/fxgl_icon.png
16:41:21.369 [JavaFX Application Thread] DEBUG MainWindow           - Opening main window
16:41:21.657 [JavaFX Application Thread] DEBUG MainWindow           - Window border size: (6.0, 35.0)
16:41:21.658 [JavaFX Application Thread] DEBUG MainWindow           - Scaled size: 800.0 x 600.0
16:41:21.658 [JavaFX Application Thread] DEBUG MainWindow           - Scaled ratio: (1.0, 1.0)
16:41:21.658 [JavaFX Application Thread] DEBUG MainWindow           - Scene size: 800.0 x 600.0
16:41:21.658 [JavaFX Application Thread] DEBUG MainWindow           - Stage size: 806.0 x 635.0
16:41:21.696 [ForkJoinPool.commonPool-worker-1] DEBUG FS                   - Loaded DesktopFSService
16:41:21.697 [ForkJoinPool.commonPool-worker-1] DEBUG FXGL                 - Loading FXGL system data
16:41:21.701 [ForkJoinPool.commonPool-worker-1] DEBUG DesktopFSService     - Reading from: system\fxgl.bundle
16:41:21.713 [ForkJoinPool.commonPool-worker-1] DEBUG Bundle               - Logging bundle: FXGL
16:41:21.714 [ForkJoinPool.commonPool-worker-1] DEBUG Bundle               - FXGL.offline.timer.version.check=2020-03-25T11:32:59.811
16:41:21.714 [ForkJoinPool.commonPool-worker-1] DEBUG FXGL                 - Initializing state machine and application states
16:41:21.716 [ForkJoinPool.commonPool-worker-1] DEBUG AssetLoader          - Loading from disk: /assets/ui/cursors/fxgl_default.png
16:41:21.721 [ForkJoinPool.commonPool-worker-1] DEBUG AssetLoader          - Loading from disk: /assets/ui/cursors/fxgl_default.png
16:41:21.729 [ForkJoinPool.commonPool-worker-1] DEBUG AssetLoader          - Loading from cache: /assets/ui/fonts/VarelaRound-Regular.ttf
16:41:21.732 [ForkJoinPool.commonPool-worker-1] DEBUG AssetLoader          - Loading from disk: /assets/ui/cursors/fxgl_default.png
16:41:21.735 [ForkJoinPool.commonPool-worker-1] DEBUG GameScene            - Game scene initialized: 800x600
16:41:21.746 [ForkJoinPool.commonPool-worker-1] DEBUG GameWorld            - Game world initialized
16:41:21.830 [ForkJoinPool.commonPool-worker-1] DEBUG PhysicsWorld         - Physics world initialized: appHeight=600, physics.ppm=50.0
16:41:21.853 [ForkJoinPool.commonPool-worker-1] DEBUG Input                - Registered new binding: Pause - Esc
16:41:21.943 [JavaFX Application Thread] DEBUG FXGL                 - Running preInit()
16:41:21.945 [JavaFX Application Thread] DEBUG Input                - Registered new binding: Screenshot - P
16:41:21.945 [JavaFX Application Thread] DEBUG Input                - Registered new binding: Dev Options - CTRL+0
16:41:21.946 [JavaFX Application Thread] DEBUG Input                - Registered new binding: System info dump - CTRL+9
16:41:21.946 [JavaFX Application Thread] DEBUG Input                - Registered new binding: Restart - CTRL+R
16:41:21.946 [JavaFX Application Thread] DEBUG Input                - Registered new binding: up - Up
16:41:21.946 [JavaFX Application Thread] DEBUG Input                - Registered new binding: down - Down
16:41:21.947 [JavaFX Application Thread] DEBUG Input                - Registered new binding: left - Left
16:41:21.947 [JavaFX Application Thread] DEBUG Input                - Registered new binding: right - Right
16:41:21.948 [JavaFX Application Thread] INFO  FXGL                 - FXGL initialization took: 0.956 sec
16:41:21.948 [JavaFX Application Thread] DEBUG LoopRunner           - Starting loop
16:41:21.950 [JavaFX Application Thread] DEBUG StartupState         - STARTUP
16:41:21.950 [JavaFX Application Thread] DEBUG GameApplication      - Starting new game
16:41:21.950 [JavaFX Application Thread] DEBUG Input                - Clearing active input actions
16:41:21.951 [JavaFX Application Thread] DEBUG AssetLoader          - Loading from disk: /assets/ui/css/fxgl_dark.css
16:41:21.960 [JavaFX Application Thread] DEBUG AppStateMachine      - StartupState -> LoadingState
16:41:21.965 [FXGL Background Thread 1 ] DEBUG InitAppTask          - Clearing previous game
16:41:21.966 [FXGL Background Thread 1 ] DEBUG GameWorld            - Clearing game world
16:41:21.966 [FXGL Background Thread 1 ] DEBUG PhysicsWorld         - Clearing physics world
16:41:21.967 [FXGL Background Thread 1 ] DEBUG GameScene            - Clearing game scene
16:41:21.969 [FXGL Background Thread 1 ] DEBUG InitAppTask          - Initializing Game
16:41:22.575 [FXGL Background Thread 1 ] DEBUG GameScene            - Creating render group for layer: DEFAULT(100000)
16:41:22.582 [FXGL Background Thread 1 ] DEBUG InitAppTask          - Initializing Physics
16:41:22.583 [FXGL Background Thread 1 ] DEBUG InitAppTask          - Initializing UI
16:41:22.583 [FXGL Background Thread 1 ] DEBUG InitAppTask          - Initialization Complete
16:41:22.583 [FXGL Background Thread 1 ] INFO  InitAppTask          - Game initialization took: 0.618 sec
16:41:22.590 [JavaFX Application Thread] DEBUG Input                - Clearing active input actions
16:41:22.590 [JavaFX Application Thread] DEBUG AssetLoader          - Loading from disk: /assets/ui/css/fxgl_dark.css
16:41:22.602 [JavaFX Application Thread] DEBUG AppStateMachine      - LoadingState -> PlayState
16:41:31.085 [JavaFX Application Thread] DEBUG FXGL                 - Exiting FXGL
16:41:31.085 [JavaFX Application Thread] DEBUG FXGL                 - Shutting down background threads
16:41:31.085 [JavaFX Application Thread] DEBUG FXGL                 - Saving FXGL system data
16:41:31.088 [JavaFX Application Thread] DEBUG DesktopFSService     - Writing to: system\fxgl.bundle
16:41:31.091 [JavaFX Application Thread] DEBUG FXGL                 - Closing logger and exiting JavaFX
