16:32:24.721 [JavaFX Application Thread] DEBUG GameApplication      - Logger initialized
16:32:24.742 [JavaFX Application Thread] DEBUG GameApplication      - Logging settings
Title: Hello World~
Version: 0.0
Width: 800
Height: 600
Fullscreen: false
Intro: false
Menus: false
Profiling: false
Single step:false
App Mode: DEVELOPER
Menu Key: ESCAPE
Stage Style: DECORATED
Scene Factory: class com.almasb.fxgl.scene.SceneFactory
Dialog Factory: class com.almasb.fxgl.ui.FXGLDialogFactory
UI Factory: class com.almasb.fxgl.ui.FXGLUIFactory
Notification Service: class com.almasb.fxgl.gameplay.notification.XboxNotificationView
Exception Handler: class com.almasb.fxgl.app.FXGLExceptionHandler
16:32:24.743 [JavaFX Application Thread] DEBUG GameApplication      - Starting FXGL
16:32:24.750 [JavaFX Application Thread] INFO  FXGL                 - FXGL-0.5.4 on DESKTOP
16:32:24.751 [JavaFX Application Thread] INFO  FXGL                 - Source code and latest versions at: https://github.com/AlmasB/FXGL
16:32:24.751 [JavaFX Application Thread] INFO  FXGL                 -              Join the FXGL chat at: https://gitter.im/AlmasB/FXGL
16:32:24.751 [JavaFX Application Thread] DEBUG FXGL                 - FXGL started
16:32:24.752 [JavaFX Application Thread] DEBUG FXGL                 - Initializing FXGL
16:32:24.797 [JavaFX Application Thread] DEBUG AssetLoader          - Loading from disk: /assets/ui/cursors/fxgl_default.png
16:32:24.872 [JavaFX Application Thread] DEBUG AssetLoader          - Loading from disk: /assets/ui/fonts/VarelaRound-Regular.ttf
16:32:25.065 [JavaFX Application Thread] DEBUG MainWindow           - Creating a JavaFX scene
16:32:25.098 [JavaFX Application Thread] DEBUG MainWindow           - Target settings size: 800.0 x 600.0
16:32:25.098 [JavaFX Application Thread] DEBUG MainWindow           - Scaled scene size:    800.0 x 600.0
16:32:25.098 [JavaFX Application Thread] DEBUG MainWindow           - Scaled ratio: (1.0, 1.0)
16:32:25.101 [JavaFX Application Thread] DEBUG AssetLoader          - Loading from disk: /assets/ui/css/fxgl_dark.css
16:32:25.105 [JavaFX Application Thread] DEBUG AssetLoader          - Loading from disk: /assets/textures/fxgl_icon.png
16:32:25.126 [JavaFX Application Thread] DEBUG MainWindow           - Opening main window
16:32:25.431 [JavaFX Application Thread] DEBUG MainWindow           - Window border size: (6.0, 35.0)
16:32:25.432 [JavaFX Application Thread] DEBUG MainWindow           - Scaled size: 800.0 x 600.0
16:32:25.432 [JavaFX Application Thread] DEBUG MainWindow           - Scaled ratio: (1.0, 1.0)
16:32:25.432 [JavaFX Application Thread] DEBUG MainWindow           - Scene size: 800.0 x 600.0
16:32:25.432 [JavaFX Application Thread] DEBUG MainWindow           - Stage size: 806.0 x 635.0
16:32:25.482 [ForkJoinPool.commonPool-worker-1] DEBUG FS                   - Loaded DesktopFSService
16:32:25.483 [ForkJoinPool.commonPool-worker-1] DEBUG FXGL                 - Loading FXGL system data
16:32:25.487 [ForkJoinPool.commonPool-worker-1] DEBUG DesktopFSService     - Reading from: system\fxgl.bundle
16:32:25.499 [ForkJoinPool.commonPool-worker-1] DEBUG Bundle               - Logging bundle: FXGL
16:32:25.500 [ForkJoinPool.commonPool-worker-1] DEBUG Bundle               - FXGL.offline.timer.version.check=2020-03-25T11:32:59.811
16:32:25.501 [ForkJoinPool.commonPool-worker-1] DEBUG FXGL                 - Initializing state machine and application states
16:32:25.503 [ForkJoinPool.commonPool-worker-1] DEBUG AssetLoader          - Loading from disk: /assets/ui/cursors/fxgl_default.png
16:32:25.513 [ForkJoinPool.commonPool-worker-1] DEBUG AssetLoader          - Loading from disk: /assets/ui/cursors/fxgl_default.png
16:32:25.518 [ForkJoinPool.commonPool-worker-1] DEBUG AssetLoader          - Loading from cache: /assets/ui/fonts/VarelaRound-Regular.ttf
16:32:25.521 [ForkJoinPool.commonPool-worker-1] DEBUG AssetLoader          - Loading from disk: /assets/ui/cursors/fxgl_default.png
16:32:25.528 [ForkJoinPool.commonPool-worker-1] DEBUG GameScene            - Game scene initialized: 800x600
16:32:25.533 [ForkJoinPool.commonPool-worker-1] DEBUG GameWorld            - Game world initialized
16:32:25.613 [ForkJoinPool.commonPool-worker-1] DEBUG PhysicsWorld         - Physics world initialized: appHeight=600, physics.ppm=50.0
16:32:25.637 [ForkJoinPool.commonPool-worker-1] DEBUG Input                - Registered new binding: Pause - Esc
16:32:25.727 [JavaFX Application Thread] DEBUG FXGL                 - Running preInit()
16:32:25.728 [JavaFX Application Thread] DEBUG Input                - Registered new binding: Screenshot - P
16:32:25.729 [JavaFX Application Thread] DEBUG Input                - Registered new binding: Dev Options - CTRL+0
16:32:25.729 [JavaFX Application Thread] DEBUG Input                - Registered new binding: System info dump - CTRL+9
16:32:25.730 [JavaFX Application Thread] DEBUG Input                - Registered new binding: Restart - CTRL+R
16:32:25.730 [JavaFX Application Thread] DEBUG Input                - Registered new binding: up - Up
16:32:25.730 [JavaFX Application Thread] DEBUG Input                - Registered new binding: down - Down
16:32:25.730 [JavaFX Application Thread] DEBUG Input                - Registered new binding: left - Left
16:32:25.730 [JavaFX Application Thread] DEBUG Input                - Registered new binding: right - Right
16:32:25.731 [JavaFX Application Thread] INFO  FXGL                 - FXGL initialization took: 0.979 sec
16:32:25.731 [JavaFX Application Thread] DEBUG LoopRunner           - Starting loop
16:32:25.733 [JavaFX Application Thread] DEBUG StartupState         - STARTUP
16:32:25.733 [JavaFX Application Thread] DEBUG GameApplication      - Starting new game
16:32:25.734 [JavaFX Application Thread] DEBUG Input                - Clearing active input actions
16:32:25.735 [JavaFX Application Thread] DEBUG AssetLoader          - Loading from disk: /assets/ui/css/fxgl_dark.css
16:32:25.744 [JavaFX Application Thread] DEBUG AppStateMachine      - StartupState -> LoadingState
16:32:25.749 [FXGL Background Thread 1 ] DEBUG InitAppTask          - Clearing previous game
16:32:25.749 [FXGL Background Thread 1 ] DEBUG GameWorld            - Clearing game world
16:32:25.749 [FXGL Background Thread 1 ] DEBUG PhysicsWorld         - Clearing physics world
16:32:25.749 [FXGL Background Thread 1 ] DEBUG GameScene            - Clearing game scene
16:32:25.751 [FXGL Background Thread 1 ] DEBUG InitAppTask          - Initializing Game
16:32:26.263 [FXGL Background Thread 1 ] DEBUG GameScene            - Creating render group for layer: DEFAULT(100000)
16:32:26.271 [FXGL Background Thread 1 ] DEBUG InitAppTask          - Initializing Physics
16:32:26.271 [FXGL Background Thread 1 ] DEBUG InitAppTask          - Initializing UI
16:32:26.272 [FXGL Background Thread 1 ] DEBUG InitAppTask          - Initialization Complete
16:32:26.272 [FXGL Background Thread 1 ] INFO  InitAppTask          - Game initialization took: 0.523 sec
16:32:26.282 [JavaFX Application Thread] DEBUG Input                - Clearing active input actions
16:32:26.284 [JavaFX Application Thread] DEBUG AssetLoader          - Loading from disk: /assets/ui/css/fxgl_dark.css
16:32:26.293 [JavaFX Application Thread] DEBUG AppStateMachine      - LoadingState -> PlayState
16:33:36.006 [JavaFX Application Thread] DEBUG FXGL                 - Exiting FXGL
16:33:36.006 [JavaFX Application Thread] DEBUG FXGL                 - Shutting down background threads
16:33:36.007 [JavaFX Application Thread] DEBUG FXGL                 - Saving FXGL system data
16:33:36.009 [JavaFX Application Thread] DEBUG DesktopFSService     - Writing to: system\fxgl.bundle
16:33:36.012 [JavaFX Application Thread] DEBUG FXGL                 - Closing logger and exiting JavaFX
