16:36:17.606 [JavaFX Application Thread] DEBUG GameApplication      - Logger initialized
16:36:17.634 [JavaFX Application Thread] DEBUG GameApplication      - Logging settings
Title: Hello World~
Version: 0.0
Width: 800
Height: 600
Fullscreen: false
Intro: false
Menus: false
Profiling: false
Single step:false
App Mode: DEVELOPER
Menu Key: ESCAPE
Stage Style: DECORATED
Scene Factory: class com.almasb.fxgl.scene.SceneFactory
Dialog Factory: class com.almasb.fxgl.ui.FXGLDialogFactory
UI Factory: class com.almasb.fxgl.ui.FXGLUIFactory
Notification Service: class com.almasb.fxgl.gameplay.notification.XboxNotificationView
Exception Handler: class com.almasb.fxgl.app.FXGLExceptionHandler
16:36:17.635 [JavaFX Application Thread] DEBUG GameApplication      - Starting FXGL
16:36:17.649 [JavaFX Application Thread] INFO  FXGL                 - FXGL-0.5.4 on DESKTOP
16:36:17.649 [JavaFX Application Thread] INFO  FXGL                 - Source code and latest versions at: https://github.com/AlmasB/FXGL
16:36:17.650 [JavaFX Application Thread] INFO  FXGL                 -              Join the FXGL chat at: https://gitter.im/AlmasB/FXGL
16:36:17.651 [JavaFX Application Thread] DEBUG FXGL                 - FXGL started
16:36:17.651 [JavaFX Application Thread] DEBUG FXGL                 - Initializing FXGL
16:36:17.722 [JavaFX Application Thread] DEBUG AssetLoader          - Loading from disk: /assets/ui/cursors/fxgl_default.png
16:36:17.827 [JavaFX Application Thread] DEBUG AssetLoader          - Loading from disk: /assets/ui/fonts/VarelaRound-Regular.ttf
16:36:18.027 [JavaFX Application Thread] DEBUG MainWindow           - Creating a JavaFX scene
16:36:18.062 [JavaFX Application Thread] DEBUG MainWindow           - Target settings size: 800.0 x 600.0
16:36:18.062 [JavaFX Application Thread] DEBUG MainWindow           - Scaled scene size:    800.0 x 600.0
16:36:18.063 [JavaFX Application Thread] DEBUG MainWindow           - Scaled ratio: (1.0, 1.0)
16:36:18.065 [JavaFX Application Thread] DEBUG AssetLoader          - Loading from disk: /assets/ui/css/fxgl_dark.css
16:36:18.069 [JavaFX Application Thread] DEBUG AssetLoader          - Loading from disk: /assets/textures/fxgl_icon.png
16:36:18.099 [JavaFX Application Thread] DEBUG MainWindow           - Opening main window
16:36:18.411 [JavaFX Application Thread] DEBUG MainWindow           - Window border size: (6.0, 35.0)
16:36:18.412 [JavaFX Application Thread] DEBUG MainWindow           - Scaled size: 800.0 x 600.0
16:36:18.412 [JavaFX Application Thread] DEBUG MainWindow           - Scaled ratio: (1.0, 1.0)
16:36:18.413 [JavaFX Application Thread] DEBUG MainWindow           - Scene size: 800.0 x 600.0
16:36:18.413 [JavaFX Application Thread] DEBUG MainWindow           - Stage size: 806.0 x 635.0
16:36:18.453 [ForkJoinPool.commonPool-worker-1] DEBUG FS                   - Loaded DesktopFSService
16:36:18.454 [ForkJoinPool.commonPool-worker-1] DEBUG FXGL                 - Loading FXGL system data
16:36:18.458 [ForkJoinPool.commonPool-worker-1] DEBUG DesktopFSService     - Reading from: system\fxgl.bundle
16:36:18.471 [ForkJoinPool.commonPool-worker-1] DEBUG Bundle               - Logging bundle: FXGL
16:36:18.472 [ForkJoinPool.commonPool-worker-1] DEBUG Bundle               - FXGL.offline.timer.version.check=2020-03-25T11:32:59.811
16:36:18.472 [ForkJoinPool.commonPool-worker-1] DEBUG FXGL                 - Initializing state machine and application states
16:36:18.474 [ForkJoinPool.commonPool-worker-1] DEBUG AssetLoader          - Loading from disk: /assets/ui/cursors/fxgl_default.png
16:36:18.481 [ForkJoinPool.commonPool-worker-1] DEBUG AssetLoader          - Loading from disk: /assets/ui/cursors/fxgl_default.png
16:36:18.487 [ForkJoinPool.commonPool-worker-1] DEBUG AssetLoader          - Loading from cache: /assets/ui/fonts/VarelaRound-Regular.ttf
16:36:18.491 [ForkJoinPool.commonPool-worker-1] DEBUG AssetLoader          - Loading from disk: /assets/ui/cursors/fxgl_default.png
16:36:18.498 [ForkJoinPool.commonPool-worker-1] DEBUG GameScene            - Game scene initialized: 800x600
16:36:18.507 [ForkJoinPool.commonPool-worker-1] DEBUG GameWorld            - Game world initialized
16:36:18.574 [ForkJoinPool.commonPool-worker-1] DEBUG PhysicsWorld         - Physics world initialized: appHeight=600, physics.ppm=50.0
16:36:18.604 [ForkJoinPool.commonPool-worker-1] DEBUG Input                - Registered new binding: Pause - Esc
16:36:18.680 [JavaFX Application Thread] DEBUG FXGL                 - Running preInit()
16:36:18.681 [JavaFX Application Thread] DEBUG Input                - Registered new binding: Screenshot - P
16:36:18.682 [JavaFX Application Thread] DEBUG Input                - Registered new binding: Dev Options - CTRL+0
16:36:18.682 [JavaFX Application Thread] DEBUG Input                - Registered new binding: System info dump - CTRL+9
16:36:18.682 [JavaFX Application Thread] DEBUG Input                - Registered new binding: Restart - CTRL+R
16:36:18.683 [JavaFX Application Thread] DEBUG Input                - Registered new binding: up - Up
16:36:18.683 [JavaFX Application Thread] DEBUG Input                - Registered new binding: down - Down
16:36:18.683 [JavaFX Application Thread] DEBUG Input                - Registered new binding: left - Left
16:36:18.683 [JavaFX Application Thread] DEBUG Input                - Registered new binding: right - Right
16:36:18.684 [JavaFX Application Thread] INFO  FXGL                 - FXGL initialization took: 1.032 sec
16:36:18.684 [JavaFX Application Thread] DEBUG LoopRunner           - Starting loop
16:36:18.685 [JavaFX Application Thread] DEBUG StartupState         - STARTUP
16:36:18.686 [JavaFX Application Thread] DEBUG GameApplication      - Starting new game
16:36:18.686 [JavaFX Application Thread] DEBUG Input                - Clearing active input actions
16:36:18.687 [JavaFX Application Thread] DEBUG AssetLoader          - Loading from disk: /assets/ui/css/fxgl_dark.css
16:36:18.696 [JavaFX Application Thread] DEBUG AppStateMachine      - StartupState -> LoadingState
16:36:18.700 [FXGL Background Thread 1 ] DEBUG InitAppTask          - Clearing previous game
16:36:18.701 [FXGL Background Thread 1 ] DEBUG GameWorld            - Clearing game world
16:36:18.701 [FXGL Background Thread 1 ] DEBUG PhysicsWorld         - Clearing physics world
16:36:18.701 [FXGL Background Thread 1 ] DEBUG GameScene            - Clearing game scene
16:36:18.703 [FXGL Background Thread 1 ] DEBUG InitAppTask          - Initializing Game
16:36:19.267 [FXGL Background Thread 1 ] DEBUG GameScene            - Creating render group for layer: DEFAULT(100000)
16:36:19.275 [FXGL Background Thread 1 ] DEBUG InitAppTask          - Initializing Physics
16:36:19.276 [FXGL Background Thread 1 ] DEBUG InitAppTask          - Initializing UI
16:36:19.276 [FXGL Background Thread 1 ] DEBUG InitAppTask          - Initialization Complete
16:36:19.276 [FXGL Background Thread 1 ] INFO  InitAppTask          - Game initialization took: 0.577 sec
16:36:19.290 [JavaFX Application Thread] DEBUG Input                - Clearing active input actions
16:36:19.290 [JavaFX Application Thread] DEBUG AssetLoader          - Loading from disk: /assets/ui/css/fxgl_dark.css
16:36:19.302 [JavaFX Application Thread] DEBUG AppStateMachine      - LoadingState -> PlayState
16:36:24.917 [JavaFX Application Thread] DEBUG FXGL                 - Exiting FXGL
16:36:24.917 [JavaFX Application Thread] DEBUG FXGL                 - Shutting down background threads
16:36:24.918 [JavaFX Application Thread] DEBUG FXGL                 - Saving FXGL system data
16:36:24.920 [JavaFX Application Thread] DEBUG DesktopFSService     - Writing to: system\fxgl.bundle
16:36:24.923 [JavaFX Application Thread] DEBUG FXGL                 - Closing logger and exiting JavaFX
