16:31:23.682 [JavaFX Application Thread] DEBUG GameApplication      - Logger initialized
16:31:23.701 [JavaFX Application Thread] DEBUG GameApplication      - Logging settings
Title: Hello World~
Version: 0.0
Width: 800
Height: 600
Fullscreen: false
Intro: false
Menus: false
Profiling: false
Single step:false
App Mode: DEVELOPER
Menu Key: ESCAPE
Stage Style: DECORATED
Scene Factory: class com.almasb.fxgl.scene.SceneFactory
Dialog Factory: class com.almasb.fxgl.ui.FXGLDialogFactory
UI Factory: class com.almasb.fxgl.ui.FXGLUIFactory
Notification Service: class com.almasb.fxgl.gameplay.notification.XboxNotificationView
Exception Handler: class com.almasb.fxgl.app.FXGLExceptionHandler
16:31:23.701 [JavaFX Application Thread] DEBUG GameApplication      - Starting FXGL
16:31:23.711 [JavaFX Application Thread] INFO  FXGL                 - FXGL-0.5.4 on DESKTOP
16:31:23.712 [JavaFX Application Thread] INFO  FXGL                 - Source code and latest versions at: https://github.com/AlmasB/FXGL
16:31:23.712 [JavaFX Application Thread] INFO  FXGL                 -              Join the FXGL chat at: https://gitter.im/AlmasB/FXGL
16:31:23.713 [JavaFX Application Thread] DEBUG FXGL                 - FXGL started
16:31:23.713 [JavaFX Application Thread] DEBUG FXGL                 - Initializing FXGL
16:31:23.761 [JavaFX Application Thread] DEBUG AssetLoader          - Loading from disk: /assets/ui/cursors/fxgl_default.png
16:31:23.833 [JavaFX Application Thread] DEBUG AssetLoader          - Loading from disk: /assets/ui/fonts/VarelaRound-Regular.ttf
16:31:24.035 [JavaFX Application Thread] DEBUG MainWindow           - Creating a JavaFX scene
16:31:24.071 [JavaFX Application Thread] DEBUG MainWindow           - Target settings size: 800.0 x 600.0
16:31:24.071 [JavaFX Application Thread] DEBUG MainWindow           - Scaled scene size:    800.0 x 600.0
16:31:24.071 [JavaFX Application Thread] DEBUG MainWindow           - Scaled ratio: (1.0, 1.0)
16:31:24.074 [JavaFX Application Thread] DEBUG AssetLoader          - Loading from disk: /assets/ui/css/fxgl_dark.css
16:31:24.078 [JavaFX Application Thread] DEBUG AssetLoader          - Loading from disk: /assets/textures/fxgl_icon.png
16:31:24.093 [JavaFX Application Thread] DEBUG MainWindow           - Opening main window
16:31:24.389 [JavaFX Application Thread] DEBUG MainWindow           - Window border size: (6.0, 35.0)
16:31:24.390 [JavaFX Application Thread] DEBUG MainWindow           - Scaled size: 800.0 x 600.0
16:31:24.390 [JavaFX Application Thread] DEBUG MainWindow           - Scaled ratio: (1.0, 1.0)
16:31:24.390 [JavaFX Application Thread] DEBUG MainWindow           - Scene size: 800.0 x 600.0
16:31:24.390 [JavaFX Application Thread] DEBUG MainWindow           - Stage size: 806.0 x 635.0
16:31:24.433 [ForkJoinPool.commonPool-worker-1] DEBUG FS                   - Loaded DesktopFSService
16:31:24.434 [ForkJoinPool.commonPool-worker-1] DEBUG FXGL                 - Loading FXGL system data
16:31:24.439 [ForkJoinPool.commonPool-worker-1] DEBUG DesktopFSService     - Reading from: system\fxgl.bundle
16:31:24.449 [ForkJoinPool.commonPool-worker-1] DEBUG Bundle               - Logging bundle: FXGL
16:31:24.450 [ForkJoinPool.commonPool-worker-1] DEBUG Bundle               - FXGL.offline.timer.version.check=2020-03-25T11:32:59.811
16:31:24.450 [ForkJoinPool.commonPool-worker-1] DEBUG FXGL                 - Initializing state machine and application states
16:31:24.452 [ForkJoinPool.commonPool-worker-1] DEBUG AssetLoader          - Loading from disk: /assets/ui/cursors/fxgl_default.png
16:31:24.457 [ForkJoinPool.commonPool-worker-1] DEBUG AssetLoader          - Loading from disk: /assets/ui/cursors/fxgl_default.png
16:31:24.465 [ForkJoinPool.commonPool-worker-1] DEBUG AssetLoader          - Loading from cache: /assets/ui/fonts/VarelaRound-Regular.ttf
16:31:24.468 [ForkJoinPool.commonPool-worker-1] DEBUG AssetLoader          - Loading from disk: /assets/ui/cursors/fxgl_default.png
16:31:24.470 [ForkJoinPool.commonPool-worker-1] DEBUG GameScene            - Game scene initialized: 800x600
16:31:24.475 [ForkJoinPool.commonPool-worker-1] DEBUG GameWorld            - Game world initialized
16:31:24.563 [ForkJoinPool.commonPool-worker-1] DEBUG PhysicsWorld         - Physics world initialized: appHeight=600, physics.ppm=50.0
16:31:24.584 [ForkJoinPool.commonPool-worker-1] DEBUG Input                - Registered new binding: Pause - Esc
16:31:24.669 [JavaFX Application Thread] DEBUG FXGL                 - Running preInit()
16:31:24.674 [JavaFX Application Thread] DEBUG Input                - Registered new binding: Screenshot - P
16:31:24.676 [JavaFX Application Thread] DEBUG Input                - Registered new binding: Dev Options - CTRL+0
16:31:24.679 [JavaFX Application Thread] DEBUG Input                - Registered new binding: System info dump - CTRL+9
16:31:24.680 [JavaFX Application Thread] DEBUG Input                - Registered new binding: Restart - CTRL+R
16:31:24.681 [JavaFX Application Thread] DEBUG Input                - Registered new binding: up - Up
16:31:24.682 [JavaFX Application Thread] DEBUG Input                - Registered new binding: down - Down
16:31:24.682 [JavaFX Application Thread] DEBUG Input                - Registered new binding: left - Left
16:31:24.683 [JavaFX Application Thread] DEBUG Input                - Registered new binding: right - Right
16:31:24.686 [JavaFX Application Thread] INFO  FXGL                 - FXGL initialization took: 0.973 sec
16:31:24.686 [JavaFX Application Thread] DEBUG LoopRunner           - Starting loop
16:31:24.691 [JavaFX Application Thread] DEBUG StartupState         - STARTUP
16:31:24.691 [JavaFX Application Thread] DEBUG GameApplication      - Starting new game
16:31:24.691 [JavaFX Application Thread] DEBUG Input                - Clearing active input actions
16:31:24.693 [JavaFX Application Thread] DEBUG AssetLoader          - Loading from disk: /assets/ui/css/fxgl_dark.css
16:31:24.707 [JavaFX Application Thread] DEBUG AppStateMachine      - StartupState -> LoadingState
16:31:24.716 [FXGL Background Thread 1 ] DEBUG InitAppTask          - Clearing previous game
16:31:24.717 [FXGL Background Thread 1 ] DEBUG GameWorld            - Clearing game world
16:31:24.717 [FXGL Background Thread 1 ] DEBUG PhysicsWorld         - Clearing physics world
16:31:24.718 [FXGL Background Thread 1 ] DEBUG GameScene            - Clearing game scene
16:31:24.720 [FXGL Background Thread 1 ] DEBUG InitAppTask          - Initializing Game
16:31:25.234 [FXGL Background Thread 1 ] DEBUG GameScene            - Creating render group for layer: DEFAULT(100000)
16:31:25.243 [FXGL Background Thread 1 ] DEBUG InitAppTask          - Initializing Physics
16:31:25.243 [FXGL Background Thread 1 ] DEBUG InitAppTask          - Initializing UI
16:31:25.244 [FXGL Background Thread 1 ] DEBUG InitAppTask          - Initialization Complete
16:31:25.244 [FXGL Background Thread 1 ] INFO  InitAppTask          - Game initialization took: 0.528 sec
16:31:25.245 [JavaFX Application Thread] DEBUG Input                - Clearing active input actions
16:31:25.245 [JavaFX Application Thread] DEBUG AssetLoader          - Loading from disk: /assets/ui/css/fxgl_dark.css
16:31:25.256 [JavaFX Application Thread] DEBUG AppStateMachine      - LoadingState -> PlayState
16:31:38.879 [JavaFX Application Thread] DEBUG FXGL                 - Exiting FXGL
16:31:38.879 [JavaFX Application Thread] DEBUG FXGL                 - Shutting down background threads
16:31:38.879 [JavaFX Application Thread] DEBUG FXGL                 - Saving FXGL system data
16:31:38.882 [JavaFX Application Thread] DEBUG DesktopFSService     - Writing to: system\fxgl.bundle
16:31:38.885 [JavaFX Application Thread] DEBUG FXGL                 - Closing logger and exiting JavaFX
