16:38:15.029 [JavaFX Application Thread] DEBUG GameApplication      - Logger initialized
16:38:15.065 [JavaFX Application Thread] DEBUG GameApplication      - Logging settings
Title: Hello World~
Version: 0.0
Width: 800
Height: 600
Fullscreen: false
Intro: false
Menus: false
Profiling: false
Single step:false
App Mode: DEVELOPER
Menu Key: ESCAPE
Stage Style: DECORATED
Scene Factory: class com.almasb.fxgl.scene.SceneFactory
Dialog Factory: class com.almasb.fxgl.ui.FXGLDialogFactory
UI Factory: class com.almasb.fxgl.ui.FXGLUIFactory
Notification Service: class com.almasb.fxgl.gameplay.notification.XboxNotificationView
Exception Handler: class com.almasb.fxgl.app.FXGLExceptionHandler
16:38:15.066 [JavaFX Application Thread] DEBUG GameApplication      - Starting FXGL
16:38:15.079 [JavaFX Application Thread] INFO  FXGL                 - FXGL-0.5.4 on DESKTOP
16:38:15.080 [JavaFX Application Thread] INFO  FXGL                 - Source code and latest versions at: https://github.com/AlmasB/FXGL
16:38:15.080 [JavaFX Application Thread] INFO  FXGL                 -              Join the FXGL chat at: https://gitter.im/AlmasB/FXGL
16:38:15.082 [JavaFX Application Thread] DEBUG FXGL                 - FXGL started
16:38:15.082 [JavaFX Application Thread] DEBUG FXGL                 - Initializing FXGL
16:38:15.161 [JavaFX Application Thread] DEBUG AssetLoader          - Loading from disk: /assets/ui/cursors/fxgl_default.png
16:38:15.251 [JavaFX Application Thread] DEBUG AssetLoader          - Loading from disk: /assets/ui/fonts/VarelaRound-Regular.ttf
16:38:15.481 [JavaFX Application Thread] DEBUG MainWindow           - Creating a JavaFX scene
16:38:15.516 [JavaFX Application Thread] DEBUG MainWindow           - Target settings size: 800.0 x 600.0
16:38:15.516 [JavaFX Application Thread] DEBUG MainWindow           - Scaled scene size:    800.0 x 600.0
16:38:15.516 [JavaFX Application Thread] DEBUG MainWindow           - Scaled ratio: (1.0, 1.0)
16:38:15.519 [JavaFX Application Thread] DEBUG AssetLoader          - Loading from disk: /assets/ui/css/fxgl_dark.css
16:38:15.523 [JavaFX Application Thread] DEBUG AssetLoader          - Loading from disk: /assets/textures/fxgl_icon.png
16:38:15.544 [JavaFX Application Thread] DEBUG MainWindow           - Opening main window
16:38:15.839 [JavaFX Application Thread] DEBUG MainWindow           - Window border size: (6.0, 35.0)
16:38:15.839 [JavaFX Application Thread] DEBUG MainWindow           - Scaled size: 800.0 x 600.0
16:38:15.840 [JavaFX Application Thread] DEBUG MainWindow           - Scaled ratio: (1.0, 1.0)
16:38:15.840 [JavaFX Application Thread] DEBUG MainWindow           - Scene size: 800.0 x 600.0
16:38:15.840 [JavaFX Application Thread] DEBUG MainWindow           - Stage size: 806.0 x 635.0
16:38:15.876 [ForkJoinPool.commonPool-worker-1] DEBUG FS                   - Loaded DesktopFSService
16:38:15.877 [ForkJoinPool.commonPool-worker-1] DEBUG FXGL                 - Loading FXGL system data
16:38:15.882 [ForkJoinPool.commonPool-worker-1] DEBUG DesktopFSService     - Reading from: system\fxgl.bundle
16:38:15.894 [ForkJoinPool.commonPool-worker-1] DEBUG Bundle               - Logging bundle: FXGL
16:38:15.895 [ForkJoinPool.commonPool-worker-1] DEBUG Bundle               - FXGL.offline.timer.version.check=2020-03-25T11:32:59.811
16:38:15.895 [ForkJoinPool.commonPool-worker-1] DEBUG FXGL                 - Initializing state machine and application states
16:38:15.897 [ForkJoinPool.commonPool-worker-1] DEBUG AssetLoader          - Loading from disk: /assets/ui/cursors/fxgl_default.png
16:38:15.902 [ForkJoinPool.commonPool-worker-1] DEBUG AssetLoader          - Loading from disk: /assets/ui/cursors/fxgl_default.png
16:38:15.911 [ForkJoinPool.commonPool-worker-1] DEBUG AssetLoader          - Loading from cache: /assets/ui/fonts/VarelaRound-Regular.ttf
16:38:15.914 [ForkJoinPool.commonPool-worker-1] DEBUG AssetLoader          - Loading from disk: /assets/ui/cursors/fxgl_default.png
16:38:15.918 [ForkJoinPool.commonPool-worker-1] DEBUG GameScene            - Game scene initialized: 800x600
16:38:15.929 [ForkJoinPool.commonPool-worker-1] DEBUG GameWorld            - Game world initialized
16:38:16.001 [ForkJoinPool.commonPool-worker-1] DEBUG PhysicsWorld         - Physics world initialized: appHeight=600, physics.ppm=50.0
16:38:16.028 [ForkJoinPool.commonPool-worker-1] DEBUG Input                - Registered new binding: Pause - Esc
16:38:16.106 [JavaFX Application Thread] DEBUG FXGL                 - Running preInit()
16:38:16.107 [JavaFX Application Thread] DEBUG Input                - Registered new binding: Screenshot - P
16:38:16.108 [JavaFX Application Thread] DEBUG Input                - Registered new binding: Dev Options - CTRL+0
16:38:16.108 [JavaFX Application Thread] DEBUG Input                - Registered new binding: System info dump - CTRL+9
16:38:16.108 [JavaFX Application Thread] DEBUG Input                - Registered new binding: Restart - CTRL+R
16:38:16.108 [JavaFX Application Thread] DEBUG Input                - Registered new binding: up - Up
16:38:16.109 [JavaFX Application Thread] DEBUG Input                - Registered new binding: down - Down
16:38:16.109 [JavaFX Application Thread] DEBUG Input                - Registered new binding: left - Left
16:38:16.109 [JavaFX Application Thread] DEBUG Input                - Registered new binding: right - Right
16:38:16.110 [JavaFX Application Thread] INFO  FXGL                 - FXGL initialization took: 1.027 sec
16:38:16.110 [JavaFX Application Thread] DEBUG LoopRunner           - Starting loop
16:38:16.111 [JavaFX Application Thread] DEBUG StartupState         - STARTUP
16:38:16.112 [JavaFX Application Thread] DEBUG GameApplication      - Starting new game
16:38:16.112 [JavaFX Application Thread] DEBUG Input                - Clearing active input actions
16:38:16.113 [JavaFX Application Thread] DEBUG AssetLoader          - Loading from disk: /assets/ui/css/fxgl_dark.css
16:38:16.121 [JavaFX Application Thread] DEBUG AppStateMachine      - StartupState -> LoadingState
16:38:16.126 [FXGL Background Thread 1 ] DEBUG InitAppTask          - Clearing previous game
16:38:16.126 [FXGL Background Thread 1 ] DEBUG GameWorld            - Clearing game world
16:38:16.126 [FXGL Background Thread 1 ] DEBUG PhysicsWorld         - Clearing physics world
16:38:16.126 [FXGL Background Thread 1 ] DEBUG GameScene            - Clearing game scene
16:38:16.128 [FXGL Background Thread 1 ] DEBUG InitAppTask          - Initializing Game
16:38:16.635 [FXGL Background Thread 1 ] DEBUG GameScene            - Creating render group for layer: DEFAULT(100000)
16:38:16.645 [FXGL Background Thread 1 ] DEBUG InitAppTask          - Initializing Physics
16:38:16.645 [FXGL Background Thread 1 ] DEBUG InitAppTask          - Initializing UI
16:38:16.646 [FXGL Background Thread 1 ] DEBUG InitAppTask          - Initialization Complete
16:38:16.646 [FXGL Background Thread 1 ] INFO  InitAppTask          - Game initialization took: 0.520 sec
16:38:16.653 [JavaFX Application Thread] DEBUG Input                - Clearing active input actions
16:38:16.653 [JavaFX Application Thread] DEBUG AssetLoader          - Loading from disk: /assets/ui/css/fxgl_dark.css
16:38:16.665 [JavaFX Application Thread] DEBUG AppStateMachine      - LoadingState -> PlayState
16:39:14.597 [JavaFX Application Thread] DEBUG FXGL                 - Exiting FXGL
16:39:14.597 [JavaFX Application Thread] DEBUG FXGL                 - Shutting down background threads
16:39:14.597 [JavaFX Application Thread] DEBUG FXGL                 - Saving FXGL system data
16:39:14.600 [JavaFX Application Thread] DEBUG DesktopFSService     - Writing to: system\fxgl.bundle
16:39:14.604 [JavaFX Application Thread] DEBUG FXGL                 - Closing logger and exiting JavaFX
