16:41:49.545 [JavaFX Application Thread] DEBUG GameApplication      - Logger initialized
16:41:49.563 [JavaFX Application Thread] DEBUG GameApplication      - Logging settings
Title: Hello World~
Version: 0.0
Width: 800
Height: 600
Fullscreen: false
Intro: false
Menus: false
Profiling: false
Single step:false
App Mode: DEVELOPER
Menu Key: ESCAPE
Stage Style: DECORATED
Scene Factory: class com.almasb.fxgl.scene.SceneFactory
Dialog Factory: class com.almasb.fxgl.ui.FXGLDialogFactory
UI Factory: class com.almasb.fxgl.ui.FXGLUIFactory
Notification Service: class com.almasb.fxgl.gameplay.notification.XboxNotificationView
Exception Handler: class com.almasb.fxgl.app.FXGLExceptionHandler
16:41:49.563 [JavaFX Application Thread] DEBUG GameApplication      - Starting FXGL
16:41:49.572 [JavaFX Application Thread] INFO  FXGL                 - FXGL-0.5.4 on DESKTOP
16:41:49.573 [JavaFX Application Thread] INFO  FXGL                 - Source code and latest versions at: https://github.com/AlmasB/FXGL
16:41:49.573 [JavaFX Application Thread] INFO  FXGL                 -              Join the FXGL chat at: https://gitter.im/AlmasB/FXGL
16:41:49.574 [JavaFX Application Thread] DEBUG FXGL                 - FXGL started
16:41:49.574 [JavaFX Application Thread] DEBUG FXGL                 - Initializing FXGL
16:41:49.624 [JavaFX Application Thread] DEBUG AssetLoader          - Loading from disk: /assets/ui/cursors/fxgl_default.png
16:41:49.698 [JavaFX Application Thread] DEBUG AssetLoader          - Loading from disk: /assets/ui/fonts/VarelaRound-Regular.ttf
16:41:49.893 [JavaFX Application Thread] DEBUG MainWindow           - Creating a JavaFX scene
16:41:49.925 [JavaFX Application Thread] DEBUG MainWindow           - Target settings size: 800.0 x 600.0
16:41:49.926 [JavaFX Application Thread] DEBUG MainWindow           - Scaled scene size:    800.0 x 600.0
16:41:49.926 [JavaFX Application Thread] DEBUG MainWindow           - Scaled ratio: (1.0, 1.0)
16:41:49.928 [JavaFX Application Thread] DEBUG AssetLoader          - Loading from disk: /assets/ui/css/fxgl_dark.css
16:41:49.932 [JavaFX Application Thread] DEBUG AssetLoader          - Loading from disk: /assets/textures/fxgl_icon.png
16:41:49.961 [JavaFX Application Thread] DEBUG MainWindow           - Opening main window
16:41:50.248 [JavaFX Application Thread] DEBUG MainWindow           - Window border size: (6.0, 35.0)
16:41:50.248 [JavaFX Application Thread] DEBUG MainWindow           - Scaled size: 800.0 x 600.0
16:41:50.248 [JavaFX Application Thread] DEBUG MainWindow           - Scaled ratio: (1.0, 1.0)
16:41:50.249 [JavaFX Application Thread] DEBUG MainWindow           - Scene size: 800.0 x 600.0
16:41:50.249 [JavaFX Application Thread] DEBUG MainWindow           - Stage size: 806.0 x 635.0
16:41:50.315 [ForkJoinPool.commonPool-worker-1] DEBUG FS                   - Loaded DesktopFSService
16:41:50.318 [ForkJoinPool.commonPool-worker-1] DEBUG FXGL                 - Loading FXGL system data
16:41:50.324 [ForkJoinPool.commonPool-worker-1] DEBUG DesktopFSService     - Reading from: system\fxgl.bundle
16:41:50.339 [ForkJoinPool.commonPool-worker-1] DEBUG Bundle               - Logging bundle: FXGL
16:41:50.340 [ForkJoinPool.commonPool-worker-1] DEBUG Bundle               - FXGL.offline.timer.version.check=2020-03-25T11:32:59.811
16:41:50.341 [ForkJoinPool.commonPool-worker-1] DEBUG FXGL                 - Initializing state machine and application states
16:41:50.343 [ForkJoinPool.commonPool-worker-1] DEBUG AssetLoader          - Loading from disk: /assets/ui/cursors/fxgl_default.png
16:41:50.355 [ForkJoinPool.commonPool-worker-1] DEBUG AssetLoader          - Loading from disk: /assets/ui/cursors/fxgl_default.png
16:41:50.361 [ForkJoinPool.commonPool-worker-1] DEBUG AssetLoader          - Loading from cache: /assets/ui/fonts/VarelaRound-Regular.ttf
16:41:50.366 [ForkJoinPool.commonPool-worker-1] DEBUG AssetLoader          - Loading from disk: /assets/ui/cursors/fxgl_default.png
16:41:50.372 [ForkJoinPool.commonPool-worker-1] DEBUG GameScene            - Game scene initialized: 800x600
16:41:50.381 [ForkJoinPool.commonPool-worker-1] DEBUG GameWorld            - Game world initialized
16:41:50.468 [ForkJoinPool.commonPool-worker-1] DEBUG PhysicsWorld         - Physics world initialized: appHeight=600, physics.ppm=50.0
16:41:50.493 [ForkJoinPool.commonPool-worker-1] DEBUG Input                - Registered new binding: Pause - Esc
16:41:50.601 [JavaFX Application Thread] DEBUG FXGL                 - Running preInit()
16:41:50.602 [JavaFX Application Thread] DEBUG Input                - Registered new binding: Screenshot - P
16:41:50.603 [JavaFX Application Thread] DEBUG Input                - Registered new binding: Dev Options - CTRL+0
16:41:50.603 [JavaFX Application Thread] DEBUG Input                - Registered new binding: System info dump - CTRL+9
16:41:50.603 [JavaFX Application Thread] DEBUG Input                - Registered new binding: Restart - CTRL+R
16:41:50.603 [JavaFX Application Thread] DEBUG Input                - Registered new binding: up - Up
16:41:50.604 [JavaFX Application Thread] DEBUG Input                - Registered new binding: down - Down
16:41:50.604 [JavaFX Application Thread] DEBUG Input                - Registered new binding: left - Left
16:41:50.604 [JavaFX Application Thread] DEBUG Input                - Registered new binding: right - Right
16:41:50.605 [JavaFX Application Thread] INFO  FXGL                 - FXGL initialization took: 1.030 sec
16:41:50.605 [JavaFX Application Thread] DEBUG LoopRunner           - Starting loop
16:41:50.607 [JavaFX Application Thread] DEBUG StartupState         - STARTUP
16:41:50.607 [JavaFX Application Thread] DEBUG GameApplication      - Starting new game
16:41:50.607 [JavaFX Application Thread] DEBUG Input                - Clearing active input actions
16:41:50.608 [JavaFX Application Thread] DEBUG AssetLoader          - Loading from disk: /assets/ui/css/fxgl_dark.css
16:41:50.618 [JavaFX Application Thread] DEBUG AppStateMachine      - StartupState -> LoadingState
16:41:50.622 [FXGL Background Thread 1 ] DEBUG InitAppTask          - Clearing previous game
16:41:50.623 [FXGL Background Thread 1 ] DEBUG GameWorld            - Clearing game world
16:41:50.623 [FXGL Background Thread 1 ] DEBUG PhysicsWorld         - Clearing physics world
16:41:50.623 [FXGL Background Thread 1 ] DEBUG GameScene            - Clearing game scene
16:41:50.624 [FXGL Background Thread 1 ] DEBUG InitAppTask          - Initializing Game
16:41:51.109 [FXGL Background Thread 1 ] DEBUG GameScene            - Creating render group for layer: DEFAULT(100000)
16:41:51.117 [FXGL Background Thread 1 ] DEBUG InitAppTask          - Initializing Physics
16:41:51.117 [FXGL Background Thread 1 ] DEBUG InitAppTask          - Initializing UI
16:41:51.118 [FXGL Background Thread 1 ] DEBUG InitAppTask          - Initialization Complete
16:41:51.118 [FXGL Background Thread 1 ] INFO  InitAppTask          - Game initialization took: 0.496 sec
16:41:51.129 [JavaFX Application Thread] DEBUG Input                - Clearing active input actions
16:41:51.129 [JavaFX Application Thread] DEBUG AssetLoader          - Loading from disk: /assets/ui/css/fxgl_dark.css
16:41:51.143 [JavaFX Application Thread] DEBUG AppStateMachine      - LoadingState -> PlayState
16:42:45.068 [JavaFX Application Thread] DEBUG FXGL                 - Exiting FXGL
16:42:45.068 [JavaFX Application Thread] DEBUG FXGL                 - Shutting down background threads
16:42:45.068 [JavaFX Application Thread] DEBUG FXGL                 - Saving FXGL system data
16:42:45.071 [JavaFX Application Thread] DEBUG DesktopFSService     - Writing to: system\fxgl.bundle
16:42:45.074 [JavaFX Application Thread] DEBUG FXGL                 - Closing logger and exiting JavaFX
