16:36:38.796 [JavaFX Application Thread] DEBUG GameApplication      - Logger initialized
16:36:38.812 [JavaFX Application Thread] DEBUG GameApplication      - Logging settings
Title: Hello World~
Version: 0.0
Width: 800
Height: 600
Fullscreen: false
Intro: false
Menus: false
Profiling: false
Single step:false
App Mode: DEVELOPER
Menu Key: ESCAPE
Stage Style: DECORATED
Scene Factory: class com.almasb.fxgl.scene.SceneFactory
Dialog Factory: class com.almasb.fxgl.ui.FXGLDialogFactory
UI Factory: class com.almasb.fxgl.ui.FXGLUIFactory
Notification Service: class com.almasb.fxgl.gameplay.notification.XboxNotificationView
Exception Handler: class com.almasb.fxgl.app.FXGLExceptionHandler
16:36:38.812 [JavaFX Application Thread] DEBUG GameApplication      - Starting FXGL
16:36:38.820 [JavaFX Application Thread] INFO  FXGL                 - FXGL-0.5.4 on DESKTOP
16:36:38.820 [JavaFX Application Thread] INFO  FXGL                 - Source code and latest versions at: https://github.com/AlmasB/FXGL
16:36:38.821 [JavaFX Application Thread] INFO  FXGL                 -              Join the FXGL chat at: https://gitter.im/AlmasB/FXGL
16:36:38.821 [JavaFX Application Thread] DEBUG FXGL                 - FXGL started
16:36:38.822 [JavaFX Application Thread] DEBUG FXGL                 - Initializing FXGL
16:36:38.874 [JavaFX Application Thread] DEBUG AssetLoader          - Loading from disk: /assets/ui/cursors/fxgl_default.png
16:36:38.948 [JavaFX Application Thread] DEBUG AssetLoader          - Loading from disk: /assets/ui/fonts/VarelaRound-Regular.ttf
16:36:39.143 [JavaFX Application Thread] DEBUG MainWindow           - Creating a JavaFX scene
16:36:39.176 [JavaFX Application Thread] DEBUG MainWindow           - Target settings size: 800.0 x 600.0
16:36:39.176 [JavaFX Application Thread] DEBUG MainWindow           - Scaled scene size:    800.0 x 600.0
16:36:39.176 [JavaFX Application Thread] DEBUG MainWindow           - Scaled ratio: (1.0, 1.0)
16:36:39.178 [JavaFX Application Thread] DEBUG AssetLoader          - Loading from disk: /assets/ui/css/fxgl_dark.css
16:36:39.182 [JavaFX Application Thread] DEBUG AssetLoader          - Loading from disk: /assets/textures/fxgl_icon.png
16:36:39.197 [JavaFX Application Thread] DEBUG MainWindow           - Opening main window
16:36:39.485 [JavaFX Application Thread] DEBUG MainWindow           - Window border size: (6.0, 35.0)
16:36:39.485 [JavaFX Application Thread] DEBUG MainWindow           - Scaled size: 800.0 x 600.0
16:36:39.485 [JavaFX Application Thread] DEBUG MainWindow           - Scaled ratio: (1.0, 1.0)
16:36:39.486 [JavaFX Application Thread] DEBUG MainWindow           - Scene size: 800.0 x 600.0
16:36:39.486 [JavaFX Application Thread] DEBUG MainWindow           - Stage size: 806.0 x 635.0
16:36:39.527 [ForkJoinPool.commonPool-worker-1] DEBUG FS                   - Loaded DesktopFSService
16:36:39.528 [ForkJoinPool.commonPool-worker-1] DEBUG FXGL                 - Loading FXGL system data
16:36:39.531 [ForkJoinPool.commonPool-worker-1] DEBUG DesktopFSService     - Reading from: system\fxgl.bundle
16:36:39.545 [ForkJoinPool.commonPool-worker-1] DEBUG Bundle               - Logging bundle: FXGL
16:36:39.546 [ForkJoinPool.commonPool-worker-1] DEBUG Bundle               - FXGL.offline.timer.version.check=2020-03-25T11:32:59.811
16:36:39.547 [ForkJoinPool.commonPool-worker-1] DEBUG FXGL                 - Initializing state machine and application states
16:36:39.549 [ForkJoinPool.commonPool-worker-1] DEBUG AssetLoader          - Loading from disk: /assets/ui/cursors/fxgl_default.png
16:36:39.560 [ForkJoinPool.commonPool-worker-1] DEBUG AssetLoader          - Loading from disk: /assets/ui/cursors/fxgl_default.png
16:36:39.566 [ForkJoinPool.commonPool-worker-1] DEBUG AssetLoader          - Loading from cache: /assets/ui/fonts/VarelaRound-Regular.ttf
16:36:39.569 [ForkJoinPool.commonPool-worker-1] DEBUG AssetLoader          - Loading from disk: /assets/ui/cursors/fxgl_default.png
16:36:39.574 [ForkJoinPool.commonPool-worker-1] DEBUG GameScene            - Game scene initialized: 800x600
16:36:39.579 [ForkJoinPool.commonPool-worker-1] DEBUG GameWorld            - Game world initialized
16:36:39.664 [ForkJoinPool.commonPool-worker-1] DEBUG PhysicsWorld         - Physics world initialized: appHeight=600, physics.ppm=50.0
16:36:39.693 [ForkJoinPool.commonPool-worker-1] DEBUG Input                - Registered new binding: Pause - Esc
16:36:39.789 [JavaFX Application Thread] DEBUG FXGL                 - Running preInit()
16:36:39.791 [JavaFX Application Thread] DEBUG Input                - Registered new binding: Screenshot - P
16:36:39.791 [JavaFX Application Thread] DEBUG Input                - Registered new binding: Dev Options - CTRL+0
16:36:39.792 [JavaFX Application Thread] DEBUG Input                - Registered new binding: System info dump - CTRL+9
16:36:39.792 [JavaFX Application Thread] DEBUG Input                - Registered new binding: Restart - CTRL+R
16:36:39.793 [JavaFX Application Thread] DEBUG Input                - Registered new binding: up - Up
16:36:39.793 [JavaFX Application Thread] DEBUG Input                - Registered new binding: down - Down
16:36:39.793 [JavaFX Application Thread] DEBUG Input                - Registered new binding: left - Left
16:36:39.793 [JavaFX Application Thread] DEBUG Input                - Registered new binding: right - Right
16:36:39.794 [JavaFX Application Thread] INFO  FXGL                 - FXGL initialization took: 0.972 sec
16:36:39.794 [JavaFX Application Thread] DEBUG LoopRunner           - Starting loop
16:36:39.796 [JavaFX Application Thread] DEBUG StartupState         - STARTUP
16:36:39.796 [JavaFX Application Thread] DEBUG GameApplication      - Starting new game
16:36:39.796 [JavaFX Application Thread] DEBUG Input                - Clearing active input actions
16:36:39.797 [JavaFX Application Thread] DEBUG AssetLoader          - Loading from disk: /assets/ui/css/fxgl_dark.css
16:36:39.806 [JavaFX Application Thread] DEBUG AppStateMachine      - StartupState -> LoadingState
16:36:39.810 [FXGL Background Thread 1 ] DEBUG InitAppTask          - Clearing previous game
16:36:39.811 [FXGL Background Thread 1 ] DEBUG GameWorld            - Clearing game world
16:36:39.811 [FXGL Background Thread 1 ] DEBUG PhysicsWorld         - Clearing physics world
16:36:39.811 [FXGL Background Thread 1 ] DEBUG GameScene            - Clearing game scene
16:36:39.813 [FXGL Background Thread 1 ] DEBUG InitAppTask          - Initializing Game
16:36:40.301 [FXGL Background Thread 1 ] DEBUG GameScene            - Creating render group for layer: DEFAULT(100000)
16:36:40.308 [FXGL Background Thread 1 ] DEBUG InitAppTask          - Initializing Physics
16:36:40.309 [FXGL Background Thread 1 ] DEBUG InitAppTask          - Initializing UI
16:36:40.309 [FXGL Background Thread 1 ] DEBUG InitAppTask          - Initialization Complete
16:36:40.310 [FXGL Background Thread 1 ] INFO  InitAppTask          - Game initialization took: 0.499 sec
16:36:40.312 [JavaFX Application Thread] DEBUG Input                - Clearing active input actions
16:36:40.314 [JavaFX Application Thread] DEBUG AssetLoader          - Loading from disk: /assets/ui/css/fxgl_dark.css
16:36:40.325 [JavaFX Application Thread] DEBUG AppStateMachine      - LoadingState -> PlayState
16:36:47.997 [JavaFX Application Thread] DEBUG FXGL                 - Exiting FXGL
16:36:47.997 [JavaFX Application Thread] DEBUG FXGL                 - Shutting down background threads
16:36:47.998 [JavaFX Application Thread] DEBUG FXGL                 - Saving FXGL system data
16:36:48.000 [JavaFX Application Thread] DEBUG DesktopFSService     - Writing to: system\fxgl.bundle
16:36:48.004 [JavaFX Application Thread] DEBUG FXGL                 - Closing logger and exiting JavaFX
