22:23:34.075 [JavaFX Application Thread] DEBUG GameApplication      - Logger initialized
22:23:34.099 [JavaFX Application Thread] DEBUG GameApplication      - Logging settings
Title: Hello World~
Version: 0.0
Width: 800
Height: 600
Fullscreen: false
Intro: false
Menus: false
Profiling: false
Single step:false
App Mode: DEVELOPER
Menu Key: ESCAPE
Stage Style: DECORATED
Scene Factory: class com.almasb.fxgl.scene.SceneFactory
Dialog Factory: class com.almasb.fxgl.ui.FXGLDialogFactory
UI Factory: class com.almasb.fxgl.ui.FXGLUIFactory
Notification Service: class com.almasb.fxgl.gameplay.notification.XboxNotificationView
Exception Handler: class com.almasb.fxgl.app.FXGLExceptionHandler
22:23:34.099 [JavaFX Application Thread] DEBUG GameApplication      - Starting FXGL
22:23:34.111 [JavaFX Application Thread] INFO  FXGL                 - FXGL-0.5.4 on DESKTOP
22:23:34.111 [JavaFX Application Thread] INFO  FXGL                 - Source code and latest versions at: https://github.com/AlmasB/FXGL
22:23:34.112 [JavaFX Application Thread] INFO  FXGL                 -              Join the FXGL chat at: https://gitter.im/AlmasB/FXGL
22:23:34.112 [JavaFX Application Thread] DEBUG FXGL                 - FXGL started
22:23:34.112 [JavaFX Application Thread] DEBUG FXGL                 - Initializing FXGL
22:23:34.186 [JavaFX Application Thread] DEBUG AssetLoader          - Loading from disk: /assets/ui/cursors/fxgl_default.png
22:23:34.303 [JavaFX Application Thread] DEBUG AssetLoader          - Loading from disk: /assets/ui/fonts/VarelaRound-Regular.ttf
22:23:34.663 [JavaFX Application Thread] DEBUG MainWindow           - Creating a JavaFX scene
22:23:34.718 [JavaFX Application Thread] DEBUG MainWindow           - Target settings size: 800.0 x 600.0
22:23:34.719 [JavaFX Application Thread] DEBUG MainWindow           - Scaled scene size:    800.0 x 600.0
22:23:34.719 [JavaFX Application Thread] DEBUG MainWindow           - Scaled ratio: (1.0, 1.0)
22:23:34.723 [JavaFX Application Thread] DEBUG AssetLoader          - Loading from disk: /assets/ui/css/fxgl_dark.css
22:23:34.730 [JavaFX Application Thread] DEBUG AssetLoader          - Loading from disk: /assets/textures/fxgl_icon.png
22:23:34.761 [JavaFX Application Thread] DEBUG MainWindow           - Opening main window
22:23:35.222 [JavaFX Application Thread] DEBUG MainWindow           - Window border size: (6.0, 35.0)
22:23:35.222 [JavaFX Application Thread] DEBUG MainWindow           - Scaled size: 800.0 x 600.0
22:23:35.223 [JavaFX Application Thread] DEBUG MainWindow           - Scaled ratio: (1.0, 1.0)
22:23:35.223 [JavaFX Application Thread] DEBUG MainWindow           - Scene size: 800.0 x 600.0
22:23:35.223 [JavaFX Application Thread] DEBUG MainWindow           - Stage size: 806.0 x 635.0
22:23:35.315 [ForkJoinPool.commonPool-worker-1] DEBUG FS                   - Loaded DesktopFSService
22:23:35.316 [ForkJoinPool.commonPool-worker-1] DEBUG FXGL                 - Loading FXGL system data
22:23:35.322 [ForkJoinPool.commonPool-worker-1] DEBUG DesktopFSService     - Reading from: system\fxgl.bundle
22:23:35.340 [ForkJoinPool.commonPool-worker-1] DEBUG Bundle               - Logging bundle: FXGL
22:23:35.341 [ForkJoinPool.commonPool-worker-1] DEBUG Bundle               - FXGL.offline.timer.version.check=2020-03-25T11:32:59.811
22:23:35.341 [ForkJoinPool.commonPool-worker-1] DEBUG FXGL                 - Initializing state machine and application states
22:23:35.347 [ForkJoinPool.commonPool-worker-1] DEBUG AssetLoader          - Loading from disk: /assets/ui/cursors/fxgl_default.png
22:23:35.348 [ForkJoinPool.commonPool-worker-2] DEBUG UpdaterTask          - Checking for updates
22:23:35.354 [ForkJoinPool.commonPool-worker-1] DEBUG AssetLoader          - Loading from disk: /assets/ui/cursors/fxgl_default.png
22:23:35.371 [ForkJoinPool.commonPool-worker-1] DEBUG AssetLoader          - Loading from cache: /assets/ui/fonts/VarelaRound-Regular.ttf
22:23:35.374 [ForkJoinPool.commonPool-worker-1] DEBUG AssetLoader          - Loading from disk: /assets/ui/cursors/fxgl_default.png
22:23:35.380 [ForkJoinPool.commonPool-worker-1] DEBUG GameScene            - Game scene initialized: 800x600
22:23:35.388 [ForkJoinPool.commonPool-worker-1] DEBUG GameWorld            - Game world initialized
22:23:35.484 [ForkJoinPool.commonPool-worker-1] DEBUG PhysicsWorld         - Physics world initialized: appHeight=600, physics.ppm=50.0
22:23:35.517 [ForkJoinPool.commonPool-worker-1] DEBUG Input                - Registered new binding: Pause - Esc
22:23:35.630 [JavaFX Application Thread] DEBUG FXGL                 - Running preInit()
22:23:35.633 [JavaFX Application Thread] DEBUG Input                - Registered new binding: Screenshot - P
22:23:35.633 [JavaFX Application Thread] DEBUG Input                - Registered new binding: Dev Options - CTRL+0
22:23:35.634 [JavaFX Application Thread] DEBUG Input                - Registered new binding: System info dump - CTRL+9
22:23:35.635 [JavaFX Application Thread] DEBUG Input                - Registered new binding: Restart - CTRL+R
22:23:35.635 [JavaFX Application Thread] DEBUG Input                - Registered new binding: up - Up
22:23:35.635 [JavaFX Application Thread] DEBUG Input                - Registered new binding: down - Down
22:23:35.635 [JavaFX Application Thread] DEBUG Input                - Registered new binding: left - Left
22:23:35.636 [JavaFX Application Thread] DEBUG Input                - Registered new binding: right - Right
22:23:35.637 [JavaFX Application Thread] INFO  FXGL                 - FXGL initialization took: 1.524 sec
22:23:35.637 [JavaFX Application Thread] DEBUG LoopRunner           - Starting loop
22:23:35.639 [JavaFX Application Thread] DEBUG StartupState         - STARTUP
22:23:35.640 [JavaFX Application Thread] DEBUG GameApplication      - Starting new game
22:23:35.640 [JavaFX Application Thread] DEBUG Input                - Clearing active input actions
22:23:35.699 [JavaFX Application Thread] DEBUG AssetLoader          - Loading from disk: /assets/ui/css/fxgl_dark.css
22:23:35.709 [JavaFX Application Thread] DEBUG AppStateMachine      - StartupState -> LoadingState
22:23:35.717 [FXGL Background Thread 1 ] DEBUG InitAppTask          - Clearing previous game
22:23:35.718 [FXGL Background Thread 1 ] DEBUG GameWorld            - Clearing game world
22:23:35.719 [FXGL Background Thread 1 ] DEBUG PhysicsWorld         - Clearing physics world
22:23:35.719 [FXGL Background Thread 1 ] DEBUG GameScene            - Clearing game scene
22:23:35.721 [FXGL Background Thread 1 ] DEBUG InitAppTask          - Initializing Game
22:23:36.439 [ForkJoinPool.commonPool-worker-2] INFO  UpdaterTask          - Your current version:  0.5.4
22:23:36.439 [ForkJoinPool.commonPool-worker-2] INFO  UpdaterTask          - Latest stable version: 11.8
22:23:37.560 [FXGL Background Thread 1 ] DEBUG GameScene            - Creating render group for layer: DEFAULT(100000)
22:23:37.571 [FXGL Background Thread 1 ] DEBUG InitAppTask          - Initializing Physics
22:23:37.572 [FXGL Background Thread 1 ] DEBUG InitAppTask          - Initializing UI
22:23:37.572 [FXGL Background Thread 1 ] DEBUG InitAppTask          - Initialization Complete
22:23:37.572 [FXGL Background Thread 1 ] INFO  InitAppTask          - Game initialization took: 1.855 sec
22:23:37.580 [JavaFX Application Thread] DEBUG Input                - Clearing active input actions
22:23:37.580 [JavaFX Application Thread] DEBUG AssetLoader          - Loading from disk: /assets/ui/css/fxgl_dark.css
22:23:37.593 [JavaFX Application Thread] DEBUG AppStateMachine      - LoadingState -> PlayState
22:24:25.618 [JavaFX Application Thread] DEBUG FXGL                 - Exiting FXGL
22:24:25.618 [JavaFX Application Thread] DEBUG FXGL                 - Shutting down background threads
22:24:25.618 [JavaFX Application Thread] DEBUG FXGL                 - Saving FXGL system data
22:24:25.622 [JavaFX Application Thread] DEBUG DesktopFSService     - Writing to: system\fxgl.bundle
22:24:25.628 [JavaFX Application Thread] DEBUG FXGL                 - Closing logger and exiting JavaFX
